<?xml version="1.0" encoding="UTF-8"?>
<testsuites name="Login" time="9" tests="1" failures="1" errors="0">
   <testsuite name="Login" tests="1" failures="1" errors="0" time="9" timestamp="2018-07-24 14:53:53" hostname="slk - WSLK1FFTRFW-21" id="Test Suites/Login">
      <properties>
         <property name="deviceName" value=""/>
         <property name="devicePlatform" value=""/>
         <property name="logFolder" value="C:\\Users\\slk.WSLK1FFTRFW-21.000\\Katalon Studio\\Demo1_SLK\\Reports\\Login\\20180724_145352"/>
         <property name="logFiles" value="C:\\Users\\slk.WSLK1FFTRFW-21.000\\Katalon Studio\\Demo1_SLK\\Reports\\Login\\20180724_145352\\execution0.log"/>
         <property name="attachments" value="C:\\Users\\slk.WSLK1FFTRFW-21.000\\Katalon Studio\\Demo1_SLK\\Reports\\Login\\20180724_145352\\1532424242229.png"/>
         <property name="hostName" value="slk - WSLK1FFTRFW-21"/>
         <property name="os" value="Windows 7 64bit"/>
         <property name="katalonVersion" value="5.5.0.1"/>
         <property name="browser" value="Chrome 67.0.3396.99"/>
         <property name="hostAddress" value="10.10.10.29"/>
         <property name="sessionId" value="70102ac2a3515b18ef92789953839f62"/>
         <property name="seleniumVersion" value="3.7.1"/>
         <property name="proxyInformation" value="ProxyInformation{proxyOption=NO_PROXY, proxyServerType=HTTP, password=, proxyServerAddress=, proxyServerPort=0}"/>
         <property name="platform" value="Windows 7"/>
      </properties>
      <testcase name="Test Cases/Login/Test1" classname="Test Cases/Login/Test1" status="FAILED">
         <failure type="FAILED" message="Unable to navigate to 'http://demoaut.katalon.com/' (Root cause: com.kms.katalon.core.webui.exception.BrowserNotOpenedException: Browser is not opened
Build info: version: '3.7.1', revision: '8a0099a', time: '2017-11-06T21:07:36.161Z'
System info: host: 'WSLK1FFTRFW-21', ip: '10.10.10.29', os.name: 'Windows 7', os.arch: 'amd64', os.version: '6.1', java.version: '1.8.0_102'
Driver info: driver.version: unknown)"/>
         <system-out><![CDATA[2018-07-24 14:53:53 - [TEST_CASE][FAILED] - Test Cases/Login/Test1: Test Cases/Login/Test1 FAILED because (of) Unable to navigate to 'http://demoaut.katalon.com/' (Root cause: com.kms.katalon.core.webui.exception.BrowserNotOpenedException: Browser is not opened
Build info: version: '3.7.1', revision: '8a0099a', time: '2017-11-06T21:07:36.161Z'
System info: host: 'WSLK1FFTRFW-21', ip: '10.10.10.29', os.name: 'Windows 7', os.arch: 'amd64', os.version: '6.1', java.version: '1.8.0_102'
Driver info: driver.version: unknown)

2018-07-24 14:53:54 - [TEST_STEP][NOT_RUN] - openBrowser: NOT_RUN: openBrowser

2018-07-24 14:53:54 - [MESSAGE][NOT_RUN] - NOT_RUN: openBrowser

2018-07-24 14:53:54 - [TEST_STEP][FAILED] - navigateToUrl: Unable to navigate to 'http://demoaut.katalon.com/' (Root cause: com.kms.katalon.core.webui.exception.BrowserNotOpenedException: Browser is not opened
Build info: version: '3.7.1', revision: '8a0099a', time: '2017-11-06T21:07:36.161Z'
System info: host: 'WSLK1FFTRFW-21', ip: '10.10.10.29', os.name: 'Windows 7', os.arch: 'amd64', os.version: '6.1', java.version: '1.8.0_102'
Driver info: driver.version: unknown)

2018-07-24 14:53:54 - [MESSAGE][WARNING] - Cannot take screenshot

2018-07-24 14:53:54 - [MESSAGE][FAILED] - Unable to navigate to 'http://demoaut.katalon.com/' (Root cause: com.kms.katalon.core.webui.exception.BrowserNotOpenedException: Browser is not opened
Build info: version: '3.7.1', revision: '8a0099a', time: '2017-11-06T21:07:36.161Z'
System info: host: 'WSLK1FFTRFW-21', ip: '10.10.10.29', os.name: 'Windows 7', os.arch: 'amd64', os.version: '6.1', java.version: '1.8.0_102'
Driver info: driver.version: unknown)]]></system-out>
         <system-err><![CDATA[2018-07-24 14:53:53 - [TEST_CASE][FAILED] - Test Cases/Login/Test1: Test Cases/Login/Test1 FAILED because (of) Unable to navigate to 'http://demoaut.katalon.com/' (Root cause: com.kms.katalon.core.webui.exception.BrowserNotOpenedException: Browser is not opened
Build info: version: '3.7.1', revision: '8a0099a', time: '2017-11-06T21:07:36.161Z'
System info: host: 'WSLK1FFTRFW-21', ip: '10.10.10.29', os.name: 'Windows 7', os.arch: 'amd64', os.version: '6.1', java.version: '1.8.0_102'
Driver info: driver.version: unknown)]]></system-err>
      </testcase>
      <testcase name="Test Cases/Login/Test2_Manual" classname="Test Cases/Login/Test2_Manual" status="PASSED">
         <system-out><![CDATA[2018-07-24 14:53:54 - [TEST_CASE][PASSED] - Test Cases/Login/Test2_Manual: Test Cases/Login/Test2_Manual

2018-07-24 14:53:54 - [TEST_STEP][PASSED] - openBrowser: Browser is opened with url: ''

2018-07-24 14:53:57 - [MESSAGE][PASSED] - Browser is opened with url: ''

2018-07-24 14:53:57 - [TEST_STEP][PASSED] - navigateToUrl: Navigate to 'http://demoaut.katalon.com/' successfully

2018-07-24 14:53:58 - [MESSAGE][PASSED] - Navigate to 'http://demoaut.katalon.com/' successfully

2018-07-24 14:53:58 - [TEST_STEP][PASSED] - click: Object: 'Object Repository/Test2Objects/Page_CURA Healthcare Service/a_Make Appointment' is clicked on

2018-07-24 14:53:59 - [MESSAGE][PASSED] - Object: 'Object Repository/Test2Objects/Page_CURA Healthcare Service/a_Make Appointment' is clicked on

2018-07-24 14:53:59 - [TEST_STEP][PASSED] - setText: Text 'John' is set on object 'Object Repository/Test2Objects/Page_CURA Healthcare Service/input_username'

2018-07-24 14:53:59 - [MESSAGE][PASSED] - Text 'John' is set on object 'Object Repository/Test2Objects/Page_CURA Healthcare Service/input_username'

2018-07-24 14:53:59 - [TEST_STEP][PASSED] - setEncryptedText: Text ****** has been set on object 'Object Repository/Test2Objects/Page_CURA Healthcare Service/input_password'

2018-07-24 14:53:59 - [MESSAGE][PASSED] - Text ****** has been set on object 'Object Repository/Test2Objects/Page_CURA Healthcare Service/input_password'

2018-07-24 14:53:59 - [TEST_STEP][PASSED] - click: Object: 'Object Repository/Test2Objects/Page_CURA Healthcare Service/button_Login' is clicked on

2018-07-24 14:54:01 - [MESSAGE][PASSED] - Object: 'Object Repository/Test2Objects/Page_CURA Healthcare Service/button_Login' is clicked on

2018-07-24 14:54:01 - [TEST_STEP][PASSED] - verifyElementPresent: com.kms.katalon.core.webui.exception.WebElementNotFoundException: Web element with id: 'Object Repository/Test2Objects/Page_CURA Healthcare Service/select_Tokyo CURA Healthcare C' located by 'By.xpath: //select[@id = 'combo_facility' and @name = 'facility' and (text() = '
                            Tokyo CURA Healthcare Center
                            Hongkong CURA Healthcare Center
                            Seoul CURA Healthcare Center
                        ' or . = '
                            Tokyo CURA Healthcare Center
                            Hongkong CURA Healthcare Center
                            Seoul CURA Healthcare Center
                        ')]' not found

2018-07-24 14:54:02 - [MESSAGE][WARNING] - com.kms.katalon.core.webui.exception.WebElementNotFoundException: Web element with id: 'Object Repository/Test2Objects/Page_CURA Healthcare Service/select_Tokyo CURA Healthcare C' located by 'By.xpath: //select[@id = 'combo_facility' and @name = 'facility' and (text() = '
                            Tokyo CURA Healthcare Center
                            Hongkong CURA Healthcare Center
                            Seoul CURA Healthcare Center
                        ' or . = '
                            Tokyo CURA Healthcare Center
                            Hongkong CURA Healthcare Center
                            Seoul CURA Healthcare Center
                        ')]' not found
[[ATTACHMENT|C:\\Users\\slk.WSLK1FFTRFW-21.000\\Katalon Studio\\Demo1_SLK\\Reports\\Login\\20180724_145352\\1532424242229.png]]

2018-07-24 14:54:02 - [TEST_STEP][PASSED] - closeBrowser: Browser is closed

2018-07-24 14:54:03 - [MESSAGE][PASSED] - Browser is closed]]></system-out>
         <system-err><![CDATA[]]></system-err>
      </testcase>
      <system-out><![CDATA[2018-07-24 14:53:53 - [TEST_SUITE][FAILED] - Login: Test Cases/Login/Test1 FAILED because (of) Unable to navigate to 'http://demoaut.katalon.com/' (Root cause: com.kms.katalon.core.webui.exception.BrowserNotOpenedException: Browser is not opened
Build info: version: '3.7.1', revision: '8a0099a', time: '2017-11-06T21:07:36.161Z'
System info: host: 'WSLK1FFTRFW-21', ip: '10.10.10.29', os.name: 'Windows 7', os.arch: 'amd64', os.version: '6.1', java.version: '1.8.0_102'
Driver info: driver.version: unknown)]]></system-out>
      <system-err><![CDATA[2018-07-24 14:53:53 - [TEST_SUITE][FAILED] - Login: Test Cases/Login/Test1 FAILED because (of) Unable to navigate to 'http://demoaut.katalon.com/' (Root cause: com.kms.katalon.core.webui.exception.BrowserNotOpenedException: Browser is not opened
Build info: version: '3.7.1', revision: '8a0099a', time: '2017-11-06T21:07:36.161Z'
System info: host: 'WSLK1FFTRFW-21', ip: '10.10.10.29', os.name: 'Windows 7', os.arch: 'amd64', os.version: '6.1', java.version: '1.8.0_102'
Driver info: driver.version: unknown)]]></system-err>
   </testsuite>
</testsuites>
